{"/home/mattj/Dev/bootcamp/eat-da-burger/test/burger.js":{"path":"/home/mattj/Dev/bootcamp/eat-da-burger/test/burger.js","s":{"1":1,"2":1,"3":1,"4":1,"5":1,"6":1,"7":1,"8":1,"9":1,"10":1,"11":0,"12":0,"13":0,"14":0},"b":{},"f":{"1":0,"2":0,"3":0},"fnMap":{"1":{"name":"(anonymous_1)","line":13,"loc":{"start":{"line":13,"column":23},"end":{"line":13,"column":34}}},"2":{"name":"(anonymous_2)","line":14,"loc":{"start":{"line":14,"column":33},"end":{"line":14,"column":47}}},"3":{"name":"(anonymous_3)","line":17,"loc":{"start":{"line":17,"column":17},"end":{"line":17,"column":35}}}},"statementMap":{"1":{"start":{"line":1,"column":0},"end":{"line":1,"column":26}},"2":{"start":{"line":2,"column":0},"end":{"line":2,"column":30}},"3":{"start":{"line":3,"column":0},"end":{"line":3,"column":40}},"4":{"start":{"line":4,"column":0},"end":{"line":4,"column":43}},"5":{"start":{"line":6,"column":0},"end":{"line":6,"column":27}},"6":{"start":{"line":7,"column":0},"end":{"line":7,"column":36}},"7":{"start":{"line":8,"column":0},"end":{"line":8,"column":34}},"8":{"start":{"line":9,"column":0},"end":{"line":9,"column":27}},"9":{"start":{"line":11,"column":0},"end":{"line":11,"column":19}},"10":{"start":{"line":13,"column":0},"end":{"line":22,"column":2}},"11":{"start":{"line":14,"column":4},"end":{"line":21,"column":6}},"12":{"start":{"line":15,"column":8},"end":{"line":20,"column":14}},"13":{"start":{"line":18,"column":16},"end":{"line":18,"column":44}},"14":{"start":{"line":19,"column":16},"end":{"line":19,"column":23}}},"branchMap":{}}}