{"/home/mattj/Dev/bootcamp/eat-da-burger/config/connection.js":{"path":"/home/mattj/Dev/bootcamp/eat-da-burger/config/connection.js","s":{"1":1,"2":1,"3":1,"4":0,"5":1,"6":1,"7":1,"8":0,"9":0,"10":1,"11":1},"b":{"1":[0,1],"2":[0,1]},"f":{"1":1},"fnMap":{"1":{"name":"(anonymous_1)","line":15,"loc":{"start":{"line":15,"column":19},"end":{"line":15,"column":34}}}},"statementMap":{"1":{"start":{"line":1,"column":0},"end":{"line":1,"column":32}},"2":{"start":{"line":2,"column":0},"end":{"line":2,"column":15}},"3":{"start":{"line":4,"column":0},"end":{"line":13,"column":1}},"4":{"start":{"line":5,"column":2},"end":{"line":5,"column":71}},"5":{"start":{"line":7,"column":2},"end":{"line":12,"column":5}},"6":{"start":{"line":15,"column":0},"end":{"line":22,"column":3}},"7":{"start":{"line":16,"column":2},"end":{"line":19,"column":3}},"8":{"start":{"line":17,"column":4},"end":{"line":17,"column":52}},"9":{"start":{"line":18,"column":4},"end":{"line":18,"column":11}},"10":{"start":{"line":21,"column":2},"end":{"line":21,"column":56}},"11":{"start":{"line":24,"column":0},"end":{"line":24,"column":28}}},"branchMap":{"1":{"line":4,"type":"if","locations":[{"start":{"line":4,"column":0},"end":{"line":4,"column":0}},{"start":{"line":4,"column":0},"end":{"line":4,"column":0}}]},"2":{"line":16,"type":"if","locations":[{"start":{"line":16,"column":2},"end":{"line":16,"column":2}},{"start":{"line":16,"column":2},"end":{"line":16,"column":2}}]}}},"/home/mattj/Dev/bootcamp/eat-da-burger/models/burgers.js":{"path":"/home/mattj/Dev/bootcamp/eat-da-burger/models/burgers.js","s":{"1":1,"2":1,"3":5,"4":5,"5":2,"6":2,"7":2,"8":2,"9":2,"10":2,"11":1},"b":{},"f":{"1":5,"2":5,"3":2,"4":2,"5":2,"6":2,"7":2,"8":2},"fnMap":{"1":{"name":"(anonymous_1)","line":4,"loc":{"start":{"line":4,"column":6},"end":{"line":4,"column":18}}},"2":{"name":"(anonymous_2)","line":5,"loc":{"start":{"line":5,"column":27},"end":{"line":5,"column":49}}},"3":{"name":"(anonymous_3)","line":9,"loc":{"start":{"line":9,"column":15},"end":{"line":9,"column":48}}},"4":{"name":"(anonymous_4)","line":10,"loc":{"start":{"line":10,"column":48},"end":{"line":10,"column":69}}},"5":{"name":"(anonymous_5)","line":14,"loc":{"start":{"line":14,"column":15},"end":{"line":14,"column":59}}},"6":{"name":"(anonymous_6)","line":15,"loc":{"start":{"line":15,"column":58},"end":{"line":15,"column":79}}},"7":{"name":"(anonymous_7)","line":19,"loc":{"start":{"line":19,"column":18},"end":{"line":19,"column":45}}},"8":{"name":"(anonymous_8)","line":20,"loc":{"start":{"line":20,"column":47},"end":{"line":20,"column":70}}}},"statementMap":{"1":{"start":{"line":1,"column":0},"end":{"line":1,"column":37}},"2":{"start":{"line":3,"column":0},"end":{"line":24,"column":1}},"3":{"start":{"line":5,"column":2},"end":{"line":7,"column":4}},"4":{"start":{"line":6,"column":3},"end":{"line":6,"column":19}},"5":{"start":{"line":10,"column":2},"end":{"line":12,"column":4}},"6":{"start":{"line":11,"column":3},"end":{"line":11,"column":19}},"7":{"start":{"line":15,"column":2},"end":{"line":17,"column":4}},"8":{"start":{"line":16,"column":3},"end":{"line":16,"column":19}},"9":{"start":{"line":20,"column":8},"end":{"line":22,"column":10}},"10":{"start":{"line":21,"column":12},"end":{"line":21,"column":29}},"11":{"start":{"line":26,"column":0},"end":{"line":26,"column":25}}},"branchMap":{}},"/home/mattj/Dev/bootcamp/eat-da-burger/config/orm.js":{"path":"/home/mattj/Dev/bootcamp/eat-da-burger/config/orm.js","s":{"1":1,"2":1,"3":5,"4":5,"5":2,"6":2,"7":2,"8":2,"9":2,"10":2,"11":1},"b":{},"f":{"1":5,"2":5,"3":2,"4":2,"5":2,"6":2,"7":2,"8":2},"fnMap":{"1":{"name":"(anonymous_1)","line":4,"loc":{"start":{"line":4,"column":12},"end":{"line":4,"column":33}}},"2":{"name":"(anonymous_2)","line":5,"loc":{"start":{"line":5,"column":40},"end":{"line":5,"column":72}}},"3":{"name":"(anonymous_3)","line":10,"loc":{"start":{"line":10,"column":12},"end":{"line":10,"column":54}}},"4":{"name":"(anonymous_4)","line":11,"loc":{"start":{"line":11,"column":75},"end":{"line":11,"column":107}}},"5":{"name":"(anonymous_5)","line":16,"loc":{"start":{"line":16,"column":12},"end":{"line":16,"column":64}}},"6":{"name":"(anonymous_6)","line":17,"loc":{"start":{"line":17,"column":94},"end":{"line":17,"column":126}}},"7":{"name":"(anonymous_7)","line":22,"loc":{"start":{"line":22,"column":15},"end":{"line":22,"column":50}}},"8":{"name":"(anonymous_8)","line":23,"loc":{"start":{"line":23,"column":74},"end":{"line":23,"column":104}}}},"statementMap":{"1":{"start":{"line":1,"column":0},"end":{"line":1,"column":35}},"2":{"start":{"line":3,"column":0},"end":{"line":27,"column":1}},"3":{"start":{"line":5,"column":2},"end":{"line":7,"column":4}},"4":{"start":{"line":6,"column":3},"end":{"line":6,"column":20}},"5":{"start":{"line":11,"column":2},"end":{"line":13,"column":4}},"6":{"start":{"line":12,"column":3},"end":{"line":12,"column":20}},"7":{"start":{"line":17,"column":2},"end":{"line":19,"column":4}},"8":{"start":{"line":18,"column":3},"end":{"line":18,"column":20}},"9":{"start":{"line":23,"column":8},"end":{"line":25,"column":10}},"10":{"start":{"line":24,"column":12},"end":{"line":24,"column":29}},"11":{"start":{"line":29,"column":0},"end":{"line":29,"column":21}}},"branchMap":{}},"/home/mattj/Dev/bootcamp/eat-da-burger/server.js":{"path":"/home/mattj/Dev/bootcamp/eat-da-burger/server.js","s":{"1":1,"2":1,"3":1,"4":1,"5":1,"6":1,"7":1,"8":1,"9":1,"10":1,"11":1,"12":1,"13":1,"14":1,"15":1,"16":1,"17":1,"18":1,"19":1},"b":{"1":[1,1]},"f":{"1":1},"fnMap":{"1":{"name":"(anonymous_1)","line":24,"loc":{"start":{"line":24,"column":17},"end":{"line":24,"column":29}}}},"statementMap":{"1":{"start":{"line":1,"column":0},"end":{"line":1,"column":26}},"2":{"start":{"line":2,"column":0},"end":{"line":2,"column":35}},"3":{"start":{"line":3,"column":0},"end":{"line":3,"column":42}},"4":{"start":{"line":4,"column":0},"end":{"line":4,"column":29}},"5":{"start":{"line":5,"column":0},"end":{"line":5,"column":45}},"6":{"start":{"line":6,"column":0},"end":{"line":6,"column":49}},"7":{"start":{"line":8,"column":0},"end":{"line":8,"column":65}},"8":{"start":{"line":10,"column":0},"end":{"line":10,"column":20}},"9":{"start":{"line":12,"column":0},"end":{"line":12,"column":33}},"10":{"start":{"line":14,"column":0},"end":{"line":14,"column":58}},"11":{"start":{"line":15,"column":0},"end":{"line":15,"column":37}},"12":{"start":{"line":17,"column":0},"end":{"line":17,"column":34}},"13":{"start":{"line":18,"column":0},"end":{"line":18,"column":27}},"14":{"start":{"line":19,"column":0},"end":{"line":19,"column":51}},"15":{"start":{"line":21,"column":0},"end":{"line":21,"column":26}},"16":{"start":{"line":23,"column":0},"end":{"line":23,"column":38}},"17":{"start":{"line":24,"column":0},"end":{"line":26,"column":3}},"18":{"start":{"line":25,"column":4},"end":{"line":25,"column":49}},"19":{"start":{"line":28,"column":0},"end":{"line":28,"column":21}}},"branchMap":{"1":{"line":23,"type":"binary-expr","locations":[{"start":{"line":23,"column":13},"end":{"line":23,"column":29}},{"start":{"line":23,"column":33},"end":{"line":23,"column":37}}]}}},"/home/mattj/Dev/bootcamp/eat-da-burger/controllers/burgers_controller.js":{"path":"/home/mattj/Dev/bootcamp/eat-da-burger/controllers/burgers_controller.js","s":{"1":1,"2":1,"3":1,"4":1,"5":4,"6":4,"7":1,"8":1,"9":1,"10":1,"11":1,"12":1,"13":0,"14":0,"15":1,"16":1,"17":1,"18":1,"19":1,"20":1},"b":{"1":[0,1]},"f":{"1":4,"2":4,"3":1,"4":1,"5":1,"6":0,"7":1,"8":1,"9":1},"fnMap":{"1":{"name":"(anonymous_1)","line":6,"loc":{"start":{"line":6,"column":16},"end":{"line":6,"column":36}}},"2":{"name":"(anonymous_2)","line":7,"loc":{"start":{"line":7,"column":16},"end":{"line":7,"column":39}}},"3":{"name":"(anonymous_3)","line":12,"loc":{"start":{"line":12,"column":17},"end":{"line":12,"column":37}}},"4":{"name":"(anonymous_4)","line":13,"loc":{"start":{"line":13,"column":61},"end":{"line":13,"column":84}}},"5":{"name":"(anonymous_5)","line":18,"loc":{"start":{"line":18,"column":19},"end":{"line":18,"column":39}}},"6":{"name":"(anonymous_6)","line":21,"loc":{"start":{"line":21,"column":71},"end":{"line":21,"column":94}}},"7":{"name":"(anonymous_7)","line":25,"loc":{"start":{"line":25,"column":71},"end":{"line":25,"column":94}}},"8":{"name":"(anonymous_8)","line":31,"loc":{"start":{"line":31,"column":22},"end":{"line":31,"column":42}}},"9":{"name":"(anonymous_9)","line":32,"loc":{"start":{"line":32,"column":48},"end":{"line":32,"column":71}}}},"statementMap":{"1":{"start":{"line":1,"column":0},"end":{"line":1,"column":35}},"2":{"start":{"line":2,"column":0},"end":{"line":2,"column":32}},"3":{"start":{"line":3,"column":0},"end":{"line":3,"column":45}},"4":{"start":{"line":6,"column":0},"end":{"line":10,"column":3}},"5":{"start":{"line":7,"column":4},"end":{"line":9,"column":6}},"6":{"start":{"line":8,"column":8},"end":{"line":8,"column":40}},"7":{"start":{"line":12,"column":0},"end":{"line":16,"column":2}},"8":{"start":{"line":13,"column":4},"end":{"line":15,"column":6}},"9":{"start":{"line":14,"column":8},"end":{"line":14,"column":25}},"10":{"start":{"line":18,"column":0},"end":{"line":29,"column":2}},"11":{"start":{"line":19,"column":4},"end":{"line":19,"column":35}},"12":{"start":{"line":20,"column":4},"end":{"line":28,"column":5}},"13":{"start":{"line":21,"column":8},"end":{"line":23,"column":10}},"14":{"start":{"line":22,"column":12},"end":{"line":22,"column":29}},"15":{"start":{"line":25,"column":8},"end":{"line":27,"column":10}},"16":{"start":{"line":26,"column":12},"end":{"line":26,"column":29}},"17":{"start":{"line":31,"column":0},"end":{"line":35,"column":2}},"18":{"start":{"line":32,"column":4},"end":{"line":34,"column":6}},"19":{"start":{"line":33,"column":8},"end":{"line":33,"column":25}},"20":{"start":{"line":38,"column":0},"end":{"line":38,"column":24}}},"branchMap":{"1":{"line":20,"type":"if","locations":[{"start":{"line":20,"column":4},"end":{"line":20,"column":4}},{"start":{"line":20,"column":4},"end":{"line":20,"column":4}}]}}}}