TN:
SF:/home/mattj/Dev/bootcamp/eat-da-burger/config/connection.js
FN:15,(anonymous_1)
FNF:1
FNH:1
FNDA:1,(anonymous_1)
DA:1,1
DA:2,1
DA:4,1
DA:5,0
DA:7,1
DA:15,1
DA:16,1
DA:17,0
DA:18,0
DA:21,1
DA:24,1
LF:11
LH:8
BRDA:4,1,0,0
BRDA:4,1,1,1
BRDA:16,2,0,0
BRDA:16,2,1,1
BRF:4
BRH:2
end_of_record
TN:
SF:/home/mattj/Dev/bootcamp/eat-da-burger/models/burgers.js
FN:4,(anonymous_1)
FN:5,(anonymous_2)
FN:9,(anonymous_3)
FN:10,(anonymous_4)
FN:14,(anonymous_5)
FN:15,(anonymous_6)
FN:19,(anonymous_7)
FN:20,(anonymous_8)
FNF:8
FNH:8
FNDA:5,(anonymous_1)
FNDA:5,(anonymous_2)
FNDA:2,(anonymous_3)
FNDA:2,(anonymous_4)
FNDA:2,(anonymous_5)
FNDA:2,(anonymous_6)
FNDA:2,(anonymous_7)
FNDA:2,(anonymous_8)
DA:1,1
DA:3,1
DA:5,5
DA:6,5
DA:10,2
DA:11,2
DA:15,2
DA:16,2
DA:20,2
DA:21,2
DA:26,1
LF:11
LH:11
BRF:0
BRH:0
end_of_record
TN:
SF:/home/mattj/Dev/bootcamp/eat-da-burger/config/orm.js
FN:4,(anonymous_1)
FN:5,(anonymous_2)
FN:10,(anonymous_3)
FN:11,(anonymous_4)
FN:16,(anonymous_5)
FN:17,(anonymous_6)
FN:22,(anonymous_7)
FN:23,(anonymous_8)
FNF:8
FNH:8
FNDA:5,(anonymous_1)
FNDA:5,(anonymous_2)
FNDA:2,(anonymous_3)
FNDA:2,(anonymous_4)
FNDA:2,(anonymous_5)
FNDA:2,(anonymous_6)
FNDA:2,(anonymous_7)
FNDA:2,(anonymous_8)
DA:1,1
DA:3,1
DA:5,5
DA:6,5
DA:11,2
DA:12,2
DA:17,2
DA:18,2
DA:23,2
DA:24,2
DA:29,1
LF:11
LH:11
BRF:0
BRH:0
end_of_record
TN:
SF:/home/mattj/Dev/bootcamp/eat-da-burger/server.js
FN:24,(anonymous_1)
FNF:1
FNH:1
FNDA:1,(anonymous_1)
DA:1,1
DA:2,1
DA:3,1
DA:4,1
DA:5,1
DA:6,1
DA:8,1
DA:10,1
DA:12,1
DA:14,1
DA:15,1
DA:17,1
DA:18,1
DA:19,1
DA:21,1
DA:23,1
DA:24,1
DA:25,1
DA:28,1
LF:19
LH:19
BRDA:23,1,0,1
BRDA:23,1,1,1
BRF:2
BRH:2
end_of_record
TN:
SF:/home/mattj/Dev/bootcamp/eat-da-burger/controllers/burgers_controller.js
FN:6,(anonymous_1)
FN:7,(anonymous_2)
FN:12,(anonymous_3)
FN:13,(anonymous_4)
FN:18,(anonymous_5)
FN:21,(anonymous_6)
FN:25,(anonymous_7)
FN:31,(anonymous_8)
FN:32,(anonymous_9)
FNF:9
FNH:8
FNDA:4,(anonymous_1)
FNDA:4,(anonymous_2)
FNDA:1,(anonymous_3)
FNDA:1,(anonymous_4)
FNDA:1,(anonymous_5)
FNDA:0,(anonymous_6)
FNDA:1,(anonymous_7)
FNDA:1,(anonymous_8)
FNDA:1,(anonymous_9)
DA:1,1
DA:2,1
DA:3,1
DA:6,1
DA:7,4
DA:8,4
DA:12,1
DA:13,1
DA:14,1
DA:18,1
DA:19,1
DA:20,1
DA:21,0
DA:22,0
DA:25,1
DA:26,1
DA:31,1
DA:32,1
DA:33,1
DA:38,1
LF:20
LH:18
BRDA:20,1,0,0
BRDA:20,1,1,1
BRF:2
BRH:1
end_of_record
